Log file open, 01/31/20 03:57:48
LogWindows: Failed to load 'aqProf.dll' (GetLastError=126)
LogWindows: File 'aqProf.dll' does not exist
LogWindows: Failed to load 'VtuneApi.dll' (GetLastError=126)
LogWindows: File 'VtuneApi.dll' does not exist
LogWindows: Failed to load 'VtuneApi32e.dll' (GetLastError=126)
LogWindows: File 'VtuneApi32e.dll' does not exist
LogConsoleResponse: Display: Failed to find resolution value strings in scalability ini. Falling back to default.
LogInit: Display: Running engine for game: TheDoors
LogPlatformFile: Not using cached read wrapper
LogTaskGraph: Started task graph with 5 named threads and 23 total threads with 3 sets of task threads.
LogStats: Stats thread started at 0.090588
LogD3D11RHI: Loaded GFSDK_Aftermath_Lib.x64.dll
LogICUInternationalization: ICU TimeZone Detection - Raw Offset: +1:00, Platform Override: ''
LogPluginManager: Mounting plugin Paper2D
LogPluginManager: Mounting plugin AISupport
LogPluginManager: Mounting plugin LightPropagationVolume
LogPluginManager: Mounting plugin ActorLayerUtilities
LogPluginManager: Mounting plugin AnimationSharing
LogPluginManager: Mounting plugin CLionSourceCodeAccess
LogPluginManager: Mounting plugin CodeLiteSourceCodeAccess
LogPluginManager: Mounting plugin GitSourceControl
LogPluginManager: Mounting plugin KDevelopSourceCodeAccess
LogPluginManager: Mounting plugin NullSourceCodeAccess
LogPluginManager: Mounting plugin PerforceSourceControl
LogPluginManager: Mounting plugin PlasticSourceControl
LogPluginManager: Mounting plugin SubversionSourceControl
LogPluginManager: Mounting plugin UObjectPlugin
LogPluginManager: Mounting plugin VisualStudioCodeSourceCodeAccess
LogPluginManager: Mounting plugin VisualStudioSourceCodeAccess
LogPluginManager: Mounting plugin XCodeSourceCodeAccess
LogPluginManager: Mounting plugin AssetManagerEditor
LogPluginManager: Mounting plugin CryptoKeys
LogPluginManager: Mounting plugin CurveEditorTools
LogPluginManager: Mounting plugin DataValidation
LogPluginManager: Mounting plugin FacialAnimation
LogPluginManager: Mounting plugin GameplayTagsEditor
LogPluginManager: Mounting plugin MacGraphicsSwitching
LogPluginManager: Mounting plugin MaterialAnalyzer
LogPluginManager: Mounting plugin MobileLauncherProfileWizard
LogPluginManager: Mounting plugin PluginBrowser
LogPluginManager: Mounting plugin SpeedTreeImporter
LogPluginManager: Mounting plugin DatasmithContent
LogPluginManager: Mounting plugin VariantManagerContent
LogPluginManager: Mounting plugin AlembicImporter
LogPluginManager: Mounting plugin AutomationUtils
LogPluginManager: Mounting plugin BackChannel
LogPluginManager: Mounting plugin CharacterAI
LogPluginManager: Mounting plugin GeometryCache
LogPluginManager: Mounting plugin PlatformCrypto
LogPluginManager: Mounting plugin ProxyLODPlugin
LogPluginManager: Mounting plugin SkeletalReduction
LogPluginManager: Mounting plugin MagicLeap
LogPluginManager: Mounting plugin MagicLeapMedia
LogPluginManager: Mounting plugin MLSDK
LogPluginManager: Mounting plugin AndroidMedia
LogPluginManager: Mounting plugin AvfMedia
LogPluginManager: Mounting plugin ImgMedia
LogPluginManager: Mounting plugin MediaCompositing
LogPluginManager: Mounting plugin MediaPlayerEditor
LogPluginManager: Mounting plugin WebMMedia
LogPluginManager: Mounting plugin WmfMedia
LogPluginManager: Mounting plugin TcpMessaging
LogPluginManager: Mounting plugin UdpMessaging
LogPluginManager: Mounting plugin ActorSequence
LogPluginManager: Mounting plugin LevelSequenceEditor
LogPluginManager: Mounting plugin MatineeToLevelSequence
LogPluginManager: Mounting plugin NetcodeUnitTest
LogPluginManager: Mounting plugin NUTUnrealEngine4
LogPluginManager: Mounting plugin OnlineSubsystemGooglePlay
LogPluginManager: Mounting plugin OnlineSubsystemIOS
LogPluginManager: Mounting plugin OnlineSubsystem
LogPluginManager: Mounting plugin OnlineSubsystemNull
LogPluginManager: Mounting plugin OnlineSubsystemUtils
LogPluginManager: Mounting plugin LauncherChunkInstaller
LogPluginManager: Mounting plugin AndroidDeviceProfileSelector
LogPluginManager: Mounting plugin AndroidMoviePlayer
LogPluginManager: Mounting plugin AndroidPermission
LogPluginManager: Mounting plugin AppleImageUtils
LogPluginManager: Mounting plugin AppleMoviePlayer
LogPluginManager: Mounting plugin ArchVisCharacter
LogPluginManager: Mounting plugin AssetTags
LogPluginManager: Mounting plugin AudioCapture
LogPluginManager: Mounting plugin CableComponent
LogPluginManager: Mounting plugin CustomMeshComponent
LogPluginManager: Mounting plugin EditableMesh
LogPluginManager: Mounting plugin ExampleDeviceProfileSelector
LogPluginManager: Mounting plugin GoogleCloudMessaging
LogPluginManager: Mounting plugin IOSDeviceProfileSelector
LogPluginManager: Mounting plugin LinuxDeviceProfileSelector
LogPluginManager: Mounting plugin LocationServicesBPLibrary
LogPluginManager: Mounting plugin MobilePatchingUtils
LogPluginManager: Mounting plugin OculusVR
LogPluginManager: Mounting plugin PhysXVehicles
LogPluginManager: Mounting plugin PostSplashScreen
LogPluginManager: Mounting plugin ProceduralMeshComponent
LogPluginManager: Mounting plugin RuntimePhysXCooking
LogPluginManager: Mounting plugin SignificanceManager
LogPluginManager: Mounting plugin SteamVR
LogPluginManager: Mounting plugin WebMMoviePlayer
LogPluginManager: Mounting plugin WindowsMoviePlayer
LogPluginManager: Mounting plugin ScreenshotTools
LogInit: Using libcurl 7.55.1-DEV
LogInit:  - built for x86_64-pc-win32
LogInit:  - supports SSL with OpenSSL/1.1.1
LogInit:  - supports HTTP deflate (compression) using libz 1.2.8
LogInit:  - other features:
LogInit:      CURL_VERSION_SSL
LogInit:      CURL_VERSION_LIBZ
LogInit:      CURL_VERSION_IPV6
LogInit:      CURL_VERSION_ASYNCHDNS
LogInit:      CURL_VERSION_LARGEFILE
LogInit:      CURL_VERSION_IDN
LogInit:  CurlRequestOptions (configurable via config and command line):
LogInit:  - bVerifyPeer = true  - Libcurl will verify peer certificate
LogInit:  - bUseHttpProxy = false  - Libcurl will NOT use HTTP proxy
LogInit:  - bDontReuseConnections = false  - Libcurl will reuse connections
LogInit:  - MaxHostConnections = 16  - Libcurl will limit the number of connections to a host
LogInit:  - LocalHostAddr = Default
LogInit:  - BufferSize = 65536
LogOnline: OSS: Creating online subsystem instance for: NULL
LogInit: WinSock: version 1.1 (2.2), MaxSocks=32767, MaxUdp=65467
LogOnline: OSS: TryLoadSubsystemAndSetDefault: Loaded subsystem for module [NULL]
LogInit: Build: ++UE4+Release-4.24-CL-11100242
LogInit: Engine Version: 4.24.2-11100242+++UE4+Release-4.24
LogInit: Compatible Engine Version: 4.24.0-10570792+++UE4+Release-4.24
LogInit: Net CL: 10570792
LogInit: OS: Windows 10 (Release 1903) (), CPU: Intel(R) Core(TM) i7-7820HQ CPU @ 2.90GHz, GPU: Radeon Pro 560
LogInit: Compiled (64-bit): Jan 24 2020 02:05:53
LogInit: Compiled with Visual C++: 19.16.27032.01
LogInit: Build Configuration: Development
LogInit: Branch Name: ++UE4+Release-4.24
LogInit: Command Line:  -EpicPortal -epicusername=DawnieS19 -epicuserid=1d804a590b0e44a9a8f9ec539797846e -epiclocale=en-US
LogInit: Base Directory: C:/Program Files/Epic Games/UE_4.24/Engine/Binaries/Win64/
LogInit: Installed Engine Build: 1
LogDevObjectVersion: Number of dev versions registered: 25
LogDevObjectVersion:   Dev-Blueprints (B0D832E4-1F89-4F0D-ACCF-7EB736FD4AA2): 10
LogDevObjectVersion:   Dev-Build (E1C64328-A22C-4D53-A36C-8E866417BD8C): 0
LogDevObjectVersion:   Dev-Core (375EC13C-06E4-48FB-B500-84F0262A717E): 3
LogDevObjectVersion:   Dev-Editor (E4B068ED-F494-42E9-A231-DA0B2E46BB41): 37
LogDevObjectVersion:   Dev-Framework (CFFC743F-43B0-4480-9391-14DF171D2073): 36
LogDevObjectVersion:   Dev-Mobile (B02B49B5-BB20-44E9-A304-32B752E40360): 2
LogDevObjectVersion:   Dev-Networking (A4E4105C-59A1-49B5-A7C5-40C4547EDFEE): 0
LogDevObjectVersion:   Dev-Online (39C831C9-5AE6-47DC-9A44-9C173E1C8E7C): 0
LogDevObjectVersion:   Dev-Physics (78F01B33-EBEA-4F98-B9B4-84EACCB95AA2): 2
LogDevObjectVersion:   Dev-Platform (6631380F-2D4D-43E0-8009-CF276956A95A): 0
LogDevObjectVersion:   Dev-Rendering (12F88B9F-8875-4AFC-A67C-D90C383ABD29): 36
LogDevObjectVersion:   Dev-Sequencer (7B5AE74C-D270-4C10-A958-57980B212A5A): 11
LogDevObjectVersion:   Dev-VR (D7296918-1DD6-4BDD-9DE2-64A83CC13884): 2
LogDevObjectVersion:   Dev-LoadTimes (C2A15278-BFE7-4AFE-6C17-90FF531DF755): 1
LogDevObjectVersion:   Private-Geometry (6EACA3D4-40EC-4CC1-B786-8BED09428FC5): 3
LogDevObjectVersion:   Dev-AnimPhys (29E575DD-E0A3-4627-9D10-D276232CDCEA): 17
LogDevObjectVersion:   Dev-Anim (AF43A65D-7FD3-4947-9873-3E8ED9C1BB05): 2
LogDevObjectVersion:   Dev-ReflectionCapture (6B266CEC-1EC7-4B8F-A30B-E4D90942FC07): 1
LogDevObjectVersion:   Dev-Automation (0DF73D61-A23F-47EA-B727-89E90C41499A): 1
LogDevObjectVersion:   FortniteMain (601D1886-AC64-4F84-AA16-D3DE0DEAC7D6): 31
LogDevObjectVersion:   Dev-Enterprise (9DFFBCD6-494F-0158-E221-12823C92A888): 8
LogDevObjectVersion:   Dev-Niagara (F2AED0AC-9AFE-416F-8664-AA7FFA26D6FC): 1
LogDevObjectVersion:   Dev-Destruction (174F1F0B-B4C6-45A5-B13F-2EE8D0FB917D): 9
LogDevObjectVersion:   Dev-Physics-Ext (35F94A83-E258-406C-A318-09F59610247C): 8
LogDevObjectVersion:   Dev-CineCamera (B2E18506-4273-CFC2-A54E-F4BB758BBA07): 1
LogInit: Presizing for max 25165824 objects, including 0 objects not considered by GC, pre-allocating 0 bytes for permanent pool.
LogInit: Object subsystem initialized
LogConfig: Setting CVar [[con.DebugEarlyDefault:1]]
LogConfig: Setting CVar [[r.setres:1280x720]]
[2020.01.31-02.57.49:132][  0]LogConfig: Setting CVar [[r.VSync:0]]
[2020.01.31-02.57.49:132][  0]LogConfig: Setting CVar [[r.RHICmdBypass:0]]
[2020.01.31-02.57.49:132][  0]LogConfig: Applying CVar settings from Section [/Script/Engine.RendererSettings] File [C:/Users/Alba Samaranch/Documents/GitHub/The-Doors/TheDoors/Saved/Config/Windows/Engine.ini]
[2020.01.31-02.57.49:132][  0]LogConfig: Setting CVar [[r.GPUCrashDebugging:0]]
[2020.01.31-02.57.49:132][  0]LogConfig: Applying CVar settings from Section [/Script/Engine.RendererOverrideSettings] File [C:/Users/Alba Samaranch/Documents/GitHub/The-Doors/TheDoors/Saved/Config/Windows/Engine.ini]
[2020.01.31-02.57.49:132][  0]LogConfig: Applying CVar settings from Section [/Script/Engine.StreamingSettings] File [C:/Users/Alba Samaranch/Documents/GitHub/The-Doors/TheDoors/Saved/Config/Windows/Engine.ini]
[2020.01.31-02.57.49:132][  0]LogConfig: Setting CVar [[s.MinBulkDataSizeForAsyncLoading:131072]]
[2020.01.31-02.57.49:132][  0]LogConfig: Setting CVar [[s.AsyncLoadingThreadEnabled:0]]
[2020.01.31-02.57.49:132][  0]LogConfig: Setting CVar [[s.EventDrivenLoaderEnabled:1]]
[2020.01.31-02.57.49:132][  0]LogConfig: Setting CVar [[s.WarnIfTimeLimitExceeded:0]]
[2020.01.31-02.57.49:132][  0]LogConfig: Setting CVar [[s.TimeLimitExceededMultiplier:1.5]]
[2020.01.31-02.57.49:132][  0]LogConfig: Setting CVar [[s.TimeLimitExceededMinTime:0.005]]
[2020.01.31-02.57.49:132][  0]LogConfig: Setting CVar [[s.UseBackgroundLevelStreaming:1]]
[2020.01.31-02.57.49:132][  0]LogConfig: Setting CVar [[s.PriorityAsyncLoadingExtraTime:15.0]]
[2020.01.31-02.57.49:132][  0]LogConfig: Setting CVar [[s.LevelStreamingActorsUpdateTimeLimit:5.0]]
[2020.01.31-02.57.49:132][  0]LogConfig: Setting CVar [[s.PriorityLevelStreamingActorsUpdateExtraTime:5.0]]
[2020.01.31-02.57.49:132][  0]LogConfig: Setting CVar [[s.LevelStreamingComponentsRegistrationGranularity:10]]
[2020.01.31-02.57.49:132][  0]LogConfig: Setting CVar [[s.UnregisterComponentsTimeLimit:1.0]]
[2020.01.31-02.57.49:132][  0]LogConfig: Setting CVar [[s.LevelStreamingComponentsUnregistrationGranularity:5]]
[2020.01.31-02.57.49:132][  0]LogConfig: Setting CVar [[s.FlushStreamingOnExit:1]]
[2020.01.31-02.57.49:132][  0]LogConfig: Applying CVar settings from Section [/Script/Engine.GarbageCollectionSettings] File [C:/Users/Alba Samaranch/Documents/GitHub/The-Doors/TheDoors/Saved/Config/Windows/Engine.ini]
[2020.01.31-02.57.49:132][  0]LogConfig: Setting CVar [[gc.MaxObjectsNotConsideredByGC:1]]
[2020.01.31-02.57.49:132][  0]LogConfig: Setting CVar [[gc.SizeOfPermanentObjectPool:0]]
[2020.01.31-02.57.49:132][  0]LogConfig: Setting CVar [[gc.FlushStreamingOnGC:0]]
[2020.01.31-02.57.49:132][  0]LogConfig: Setting CVar [[gc.NumRetriesBeforeForcingGC:10]]
[2020.01.31-02.57.49:132][  0]LogConfig: Setting CVar [[gc.AllowParallelGC:1]]
[2020.01.31-02.57.49:132][  0]LogConfig: Setting CVar [[gc.TimeBetweenPurgingPendingKillObjects:61.1]]
[2020.01.31-02.57.49:132][  0]LogConfig: Setting CVar [[gc.MaxObjectsInEditor:25165824]]
[2020.01.31-02.57.49:132][  0]LogConfig: Setting CVar [[gc.IncrementalBeginDestroyEnabled:1]]
[2020.01.31-02.57.49:132][  0]LogConfig: Setting CVar [[gc.CreateGCClusters:1]]
[2020.01.31-02.57.49:132][  0]LogConfig: Setting CVar [[gc.MinGCClusterSize:5]]
[2020.01.31-02.57.49:132][  0]LogConfig: Setting CVar [[gc.ActorClusteringEnabled:0]]
[2020.01.31-02.57.49:132][  0]LogConfig: Setting CVar [[gc.BlueprintClusteringEnabled:0]]
[2020.01.31-02.57.49:132][  0]LogConfig: Setting CVar [[gc.UseDisregardForGCOnDedicatedServers:0]]
[2020.01.31-02.57.49:133][  0]LogConfig: Applying CVar settings from Section [/Script/Engine.NetworkSettings] File [C:/Users/Alba Samaranch/Documents/GitHub/The-Doors/TheDoors/Saved/Config/Windows/Engine.ini]
[2020.01.31-02.57.49:133][  0]LogConfig: Applying CVar settings from Section [/Script/UnrealEd.CookerSettings] File [C:/Users/Alba Samaranch/Documents/GitHub/The-Doors/TheDoors/Saved/Config/Windows/Engine.ini]
[2020.01.31-02.57.49:135][  0]LogConfig: Applying CVar settings from Section [ViewDistanceQuality@3] File [C:/Users/Alba Samaranch/Documents/GitHub/The-Doors/TheDoors/Saved/Config/Windows/Scalability.ini]
[2020.01.31-02.57.49:135][  0]LogConfig: Setting CVar [[r.SkeletalMeshLODBias:0]]
[2020.01.31-02.57.49:135][  0]LogConfig: Setting CVar [[r.ViewDistanceScale:1.0]]
[2020.01.31-02.57.49:135][  0]LogConfig: Applying CVar settings from Section [AntiAliasingQuality@3] File [C:/Users/Alba Samaranch/Documents/GitHub/The-Doors/TheDoors/Saved/Config/Windows/Scalability.ini]
[2020.01.31-02.57.49:135][  0]LogConfig: Setting CVar [[r.PostProcessAAQuality:4]]
[2020.01.31-02.57.49:135][  0]LogConfig: Applying CVar settings from Section [ShadowQuality@3] File [C:/Users/Alba Samaranch/Documents/GitHub/The-Doors/TheDoors/Saved/Config/Windows/Scalability.ini]
[2020.01.31-02.57.49:135][  0]LogConfig: Setting CVar [[r.LightFunctionQuality:1]]
[2020.01.31-02.57.49:135][  0]LogConfig: Setting CVar [[r.ShadowQuality:5]]
[2020.01.31-02.57.49:135][  0]LogConfig: Setting CVar [[r.Shadow.CSM.MaxCascades:10]]
[2020.01.31-02.57.49:135][  0]LogConfig: Setting CVar [[r.Shadow.MaxResolution:2048]]
[2020.01.31-02.57.49:135][  0]LogConfig: Setting CVar [[r.Shadow.MaxCSMResolution:2048]]
[2020.01.31-02.57.49:135][  0]LogConfig: Setting CVar [[r.Shadow.RadiusThreshold:0.01]]
[2020.01.31-02.57.49:135][  0]LogConfig: Setting CVar [[r.Shadow.DistanceScale:1.0]]
[2020.01.31-02.57.49:135][  0]LogConfig: Setting CVar [[r.Shadow.CSM.TransitionScale:1.0]]
[2020.01.31-02.57.49:135][  0]LogConfig: Setting CVar [[r.Shadow.PreShadowResolutionFactor:1.0]]
[2020.01.31-02.57.49:135][  0]LogConfig: Setting CVar [[r.DistanceFieldShadowing:1]]
[2020.01.31-02.57.49:135][  0]LogConfig: Setting CVar [[r.DistanceFieldAO:1]]
[2020.01.31-02.57.49:135][  0]LogConfig: Setting CVar [[r.AOQuality:2]]
[2020.01.31-02.57.49:135][  0]LogConfig: Setting CVar [[r.VolumetricFog:1]]
[2020.01.31-02.57.49:135][  0]LogConfig: Setting CVar [[r.VolumetricFog.GridPixelSize:8]]
[2020.01.31-02.57.49:135][  0]LogConfig: Setting CVar [[r.VolumetricFog.GridSizeZ:128]]
[2020.01.31-02.57.49:135][  0]LogConfig: Setting CVar [[r.VolumetricFog.HistoryMissSupersampleCount:4]]
[2020.01.31-02.57.49:135][  0]LogConfig: Setting CVar [[r.LightMaxDrawDistanceScale:1]]
[2020.01.31-02.57.49:136][  0]LogConfig: Setting CVar [[r.CapsuleShadows:1]]
[2020.01.31-02.57.49:136][  0]LogConfig: Applying CVar settings from Section [PostProcessQuality@3] File [C:/Users/Alba Samaranch/Documents/GitHub/The-Doors/TheDoors/Saved/Config/Windows/Scalability.ini]
[2020.01.31-02.57.49:136][  0]LogConfig: Setting CVar [[r.MotionBlurQuality:4]]
[2020.01.31-02.57.49:136][  0]LogConfig: Setting CVar [[r.AmbientOcclusionMipLevelFactor:0.4]]
[2020.01.31-02.57.49:136][  0]LogConfig: Setting CVar [[r.AmbientOcclusionMaxQuality:100]]
[2020.01.31-02.57.49:136][  0]LogConfig: Setting CVar [[r.AmbientOcclusionLevels:-1]]
[2020.01.31-02.57.49:136][  0]LogConfig: Setting CVar [[r.AmbientOcclusionRadiusScale:1.0]]
[2020.01.31-02.57.49:136][  0]LogConfig: Setting CVar [[r.DepthOfFieldQuality:2]]
[2020.01.31-02.57.49:136][  0]LogConfig: Setting CVar [[r.RenderTargetPoolMin:400]]
[2020.01.31-02.57.49:136][  0]LogConfig: Setting CVar [[r.LensFlareQuality:2]]
[2020.01.31-02.57.49:136][  0]LogConfig: Setting CVar [[r.SceneColorFringeQuality:1]]
[2020.01.31-02.57.49:136][  0]LogConfig: Setting CVar [[r.EyeAdaptationQuality:2]]
[2020.01.31-02.57.49:136][  0]LogConfig: Setting CVar [[r.BloomQuality:5]]
[2020.01.31-02.57.49:136][  0]LogConfig: Setting CVar [[r.FastBlurThreshold:100]]
[2020.01.31-02.57.49:136][  0]LogConfig: Setting CVar [[r.Upscale.Quality:3]]
[2020.01.31-02.57.49:136][  0]LogConfig: Setting CVar [[r.Tonemapper.GrainQuantization:1]]
[2020.01.31-02.57.49:136][  0]LogConfig: Setting CVar [[r.LightShaftQuality:1]]
[2020.01.31-02.57.49:136][  0]LogConfig: Setting CVar [[r.Filter.SizeScale:1]]
[2020.01.31-02.57.49:136][  0]LogConfig: Setting CVar [[r.Tonemapper.Quality:5]]
[2020.01.31-02.57.49:136][  0]LogConfig: Setting CVar [[r.DOF.Gather.AccumulatorQuality:1        ; higher gathering accumulator quality]]
[2020.01.31-02.57.49:136][  0]LogConfig: Setting CVar [[r.DOF.Gather.PostfilterMethod:1          ; Median3x3 postfilering method]]
[2020.01.31-02.57.49:136][  0]LogConfig: Setting CVar [[r.DOF.Gather.EnableBokehSettings:0       ; no bokeh simulation when gathering]]
[2020.01.31-02.57.49:136][  0]LogConfig: Setting CVar [[r.DOF.Gather.RingCount:4                 ; medium number of samples when gathering]]
[2020.01.31-02.57.49:136][  0]LogConfig: Setting CVar [[r.DOF.Scatter.ForegroundCompositing:1    ; additive foreground scattering]]
[2020.01.31-02.57.49:136][  0]LogConfig: Setting CVar [[r.DOF.Scatter.BackgroundCompositing:2    ; additive background scattering]]
[2020.01.31-02.57.49:136][  0]LogConfig: Setting CVar [[r.DOF.Scatter.EnableBokehSettings:1      ; bokeh simulation when scattering]]
[2020.01.31-02.57.49:136][  0]LogConfig: Setting CVar [[r.DOF.Scatter.MaxSpriteRatio:0.1         ; only a maximum of 10% of scattered bokeh]]
[2020.01.31-02.57.49:136][  0]LogConfig: Setting CVar [[r.DOF.Recombine.Quality:1                ; cheap slight out of focus]]
[2020.01.31-02.57.49:136][  0]LogConfig: Setting CVar [[r.DOF.Recombine.EnableBokehSettings:0    ; no bokeh simulation on slight out of focus]]
[2020.01.31-02.57.49:136][  0]LogConfig: Setting CVar [[r.DOF.TemporalAAQuality:1                ; more stable temporal accumulation]]
[2020.01.31-02.57.49:136][  0]LogConfig: Setting CVar [[r.DOF.Kernel.MaxForegroundRadius:0.025]]
[2020.01.31-02.57.49:136][  0]LogConfig: Setting CVar [[r.DOF.Kernel.MaxBackgroundRadius:0.025]]
[2020.01.31-02.57.49:136][  0]LogConfig: Applying CVar settings from Section [TextureQuality@3] File [C:/Users/Alba Samaranch/Documents/GitHub/The-Doors/TheDoors/Saved/Config/Windows/Scalability.ini]
[2020.01.31-02.57.49:136][  0]LogConfig: Setting CVar [[r.Streaming.MipBias:0]]
[2020.01.31-02.57.49:136][  0]LogConfig: Setting CVar [[r.Streaming.AmortizeCPUToGPUCopy:0]]
[2020.01.31-02.57.49:136][  0]LogConfig: Setting CVar [[r.Streaming.MaxNumTexturesToStreamPerFrame:0]]
[2020.01.31-02.57.49:136][  0]LogConfig: Setting CVar [[r.Streaming.Boost:1]]
[2020.01.31-02.57.49:136][  0]LogConfig: Setting CVar [[r.MaxAnisotropy:8]]
[2020.01.31-02.57.49:136][  0]LogConfig: Setting CVar [[r.VT.MaxAnisotropy:8]]
[2020.01.31-02.57.49:136][  0]LogConfig: Setting CVar [[r.Streaming.LimitPoolSizeToVRAM:0]]
[2020.01.31-02.57.49:136][  0]LogConfig: Setting CVar [[r.Streaming.PoolSize:1000]]
[2020.01.31-02.57.49:136][  0]LogConfig: Setting CVar [[r.Streaming.MaxEffectiveScreenSize:0]]
[2020.01.31-02.57.49:136][  0]LogConfig: Applying CVar settings from Section [EffectsQuality@3] File [C:/Users/Alba Samaranch/Documents/GitHub/The-Doors/TheDoors/Saved/Config/Windows/Scalability.ini]
[2020.01.31-02.57.49:136][  0]LogConfig: Setting CVar [[r.TranslucencyLightingVolumeDim:64]]
[2020.01.31-02.57.49:136][  0]LogConfig: Setting CVar [[r.RefractionQuality:2]]
[2020.01.31-02.57.49:136][  0]LogConfig: Setting CVar [[r.SSR.Quality:3]]
[2020.01.31-02.57.49:136][  0]LogConfig: Setting CVar [[r.SSR.HalfResSceneColor:0]]
[2020.01.31-02.57.49:136][  0]LogConfig: Setting CVar [[r.SceneColorFormat:4]]
[2020.01.31-02.57.49:136][  0]LogConfig: Setting CVar [[r.DetailMode:2]]
[2020.01.31-02.57.49:136][  0]LogConfig: Setting CVar [[r.TranslucencyVolumeBlur:1]]
[2020.01.31-02.57.49:136][  0]LogConfig: Setting CVar [[r.MaterialQualityLevel:1 ; High quality]]
[2020.01.31-02.57.49:136][  0]LogConfig: Setting CVar [[r.SSS.Scale:1]]
[2020.01.31-02.57.49:136][  0]LogConfig: Setting CVar [[r.SSS.SampleSet:2]]
[2020.01.31-02.57.49:136][  0]LogConfig: Setting CVar [[r.SSS.Quality:1]]
[2020.01.31-02.57.49:136][  0]LogConfig: Setting CVar [[r.SSS.HalfRes:1]]
[2020.01.31-02.57.49:136][  0]LogConfig: Setting CVar [[r.SSGI.Quality:3]]
[2020.01.31-02.57.49:136][  0]LogConfig: Setting CVar [[r.EmitterSpawnRateScale:1.0]]
[2020.01.31-02.57.49:136][  0]LogConfig: Setting CVar [[r.ParticleLightQuality:2]]
[2020.01.31-02.57.49:136][  0]LogConfig: Setting CVar [[r.SkyAtmosphere.AerialPerspectiveLUT.FastApplyOnOpaque:1 ; Always have FastSkyLUT 1 in this case to avoid wrong sky]]
[2020.01.31-02.57.49:136][  0]LogConfig: Setting CVar [[r.SkyAtmosphere.AerialPerspectiveLUT.SampleCountPerSlice:1]]
[2020.01.31-02.57.49:136][  0]LogConfig: Setting CVar [[r.SkyAtmosphere.AerialPerspectiveLUT.DepthResolution:16.0]]
[2020.01.31-02.57.49:136][  0]LogConfig: Setting CVar [[r.SkyAtmosphere.FastSkyLUT:1]]
[2020.01.31-02.57.49:136][  0]LogConfig: Setting CVar [[r.SkyAtmosphere.FastSkyLUT.SampleCountMin:4.0]]
[2020.01.31-02.57.49:137][  0]LogConfig: Setting CVar [[r.SkyAtmosphere.FastSkyLUT.SampleCountMax:32.0]]
[2020.01.31-02.57.49:137][  0]LogConfig: Setting CVar [[r.SkyAtmosphere.SampleCountMin:4.0]]
[2020.01.31-02.57.49:137][  0]LogConfig: Setting CVar [[r.SkyAtmosphere.SampleCountMax:32.0]]
[2020.01.31-02.57.49:137][  0]LogConfig: Setting CVar [[r.SkyAtmosphere.TransmittanceLUT.UseSmallFormat:0]]
[2020.01.31-02.57.49:137][  0]LogConfig: Setting CVar [[r.SkyAtmosphere.TransmittanceLUT.SampleCount:10.0]]
[2020.01.31-02.57.49:137][  0]LogConfig: Setting CVar [[r.SkyAtmosphere.MultiScatteringLUT.SampleCount:15.0]]
[2020.01.31-02.57.49:137][  0]LogConfig: Applying CVar settings from Section [FoliageQuality@3] File [C:/Users/Alba Samaranch/Documents/GitHub/The-Doors/TheDoors/Saved/Config/Windows/Scalability.ini]
[2020.01.31-02.57.49:137][  0]LogConfig: Setting CVar [[foliage.DensityScale:1.0]]
[2020.01.31-02.57.49:137][  0]LogConfig: Setting CVar [[grass.DensityScale:1.0]]
[2020.01.31-02.57.49:137][  0]LogConfig: Applying CVar settings from Section [ShadingQuality@3] File [C:/Users/Alba Samaranch/Documents/GitHub/The-Doors/TheDoors/Saved/Config/Windows/Scalability.ini]
[2020.01.31-02.57.49:137][  0]LogConfig: Setting CVar [[r.HairStrands.SkyLighting.SampleCount:16]]
[2020.01.31-02.57.49:137][  0]LogConfig: Setting CVar [[r.HairStrands.SkyLighting.JitterIntegration:0]]
[2020.01.31-02.57.49:137][  0]LogConfig: Setting CVar [[r.HairStrands.SkyAO.SampleCount:16]]
[2020.01.31-02.57.49:137][  0]LogInit: Selected Device Profile: [Windows]
[2020.01.31-02.57.49:137][  0]LogInit: Applying CVar settings loaded from the selected device profile: [Windows]
[2020.01.31-02.57.49:140][  0]LogHAL: Display: Platform has ~ 16 GB [17072222208 / 17179869184 / 16], which maps to Larger [LargestMinGB=32, LargerMinGB=12, DefaultMinGB=8, SmallerMinGB=6, SmallestMinGB=0)
[2020.01.31-02.57.49:140][  0]LogInit: Going up to parent DeviceProfile []
[2020.01.31-02.57.49:140][  0]LogConfig: Applying CVar settings from Section [ViewDistanceQuality@3] File [C:/Users/Alba Samaranch/Documents/GitHub/The-Doors/TheDoors/Saved/Config/Windows/Scalability.ini]
[2020.01.31-02.57.49:140][  0]LogConfig: Setting CVar [[r.SkeletalMeshLODBias:0]]
[2020.01.31-02.57.49:140][  0]LogConfig: Setting CVar [[r.ViewDistanceScale:1.0]]
[2020.01.31-02.57.49:140][  0]LogConfig: Applying CVar settings from Section [AntiAliasingQuality@3] File [C:/Users/Alba Samaranch/Documents/GitHub/The-Doors/TheDoors/Saved/Config/Windows/Scalability.ini]
[2020.01.31-02.57.49:140][  0]LogConfig: Setting CVar [[r.PostProcessAAQuality:4]]
[2020.01.31-02.57.49:140][  0]LogConfig: Applying CVar settings from Section [ShadowQuality@3] File [C:/Users/Alba Samaranch/Documents/GitHub/The-Doors/TheDoors/Saved/Config/Windows/Scalability.ini]
[2020.01.31-02.57.49:140][  0]LogConfig: Setting CVar [[r.LightFunctionQuality:1]]
[2020.01.31-02.57.49:140][  0]LogConfig: Setting CVar [[r.ShadowQuality:5]]
[2020.01.31-02.57.49:140][  0]LogConfig: Setting CVar [[r.Shadow.CSM.MaxCascades:10]]
[2020.01.31-02.57.49:140][  0]LogConfig: Setting CVar [[r.Shadow.MaxResolution:2048]]
[2020.01.31-02.57.49:140][  0]LogConfig: Setting CVar [[r.Shadow.MaxCSMResolution:2048]]
[2020.01.31-02.57.49:140][  0]LogConfig: Setting CVar [[r.Shadow.RadiusThreshold:0.01]]
[2020.01.31-02.57.49:140][  0]LogConfig: Setting CVar [[r.Shadow.DistanceScale:1.0]]
[2020.01.31-02.57.49:140][  0]LogConfig: Setting CVar [[r.Shadow.CSM.TransitionScale:1.0]]
[2020.01.31-02.57.49:140][  0]LogConfig: Setting CVar [[r.Shadow.PreShadowResolutionFactor:1.0]]
[2020.01.31-02.57.49:140][  0]LogConfig: Setting CVar [[r.DistanceFieldShadowing:1]]
[2020.01.31-02.57.49:140][  0]LogConfig: Setting CVar [[r.DistanceFieldAO:1]]
[2020.01.31-02.57.49:140][  0]LogConfig: Setting CVar [[r.AOQuality:2]]
[2020.01.31-02.57.49:140][  0]LogConfig: Setting CVar [[r.VolumetricFog:1]]
[2020.01.31-02.57.49:140][  0]LogConfig: Setting CVar [[r.VolumetricFog.GridPixelSize:8]]
[2020.01.31-02.57.49:140][  0]LogConfig: Setting CVar [[r.VolumetricFog.GridSizeZ:128]]
[2020.01.31-02.57.49:140][  0]LogConfig: Setting CVar [[r.VolumetricFog.HistoryMissSupersampleCount:4]]
[2020.01.31-02.57.49:140][  0]LogConfig: Setting CVar [[r.LightMaxDrawDistanceScale:1]]
[2020.01.31-02.57.49:140][  0]LogConfig: Setting CVar [[r.CapsuleShadows:1]]
[2020.01.31-02.57.49:140][  0]LogConfig: Applying CVar settings from Section [PostProcessQuality@3] File [C:/Users/Alba Samaranch/Documents/GitHub/The-Doors/TheDoors/Saved/Config/Windows/Scalability.ini]
[2020.01.31-02.57.49:140][  0]LogConfig: Setting CVar [[r.MotionBlurQuality:4]]
[2020.01.31-02.57.49:140][  0]LogConfig: Setting CVar [[r.AmbientOcclusionMipLevelFactor:0.4]]
[2020.01.31-02.57.49:140][  0]LogConfig: Setting CVar [[r.AmbientOcclusionMaxQuality:100]]
[2020.01.31-02.57.49:140][  0]LogConfig: Setting CVar [[r.AmbientOcclusionLevels:-1]]
[2020.01.31-02.57.49:140][  0]LogConfig: Setting CVar [[r.AmbientOcclusionRadiusScale:1.0]]
[2020.01.31-02.57.49:140][  0]LogConfig: Setting CVar [[r.DepthOfFieldQuality:2]]
[2020.01.31-02.57.49:140][  0]LogConfig: Setting CVar [[r.RenderTargetPoolMin:400]]
[2020.01.31-02.57.49:140][  0]LogConfig: Setting CVar [[r.LensFlareQuality:2]]
[2020.01.31-02.57.49:140][  0]LogConfig: Setting CVar [[r.SceneColorFringeQuality:1]]
[2020.01.31-02.57.49:140][  0]LogConfig: Setting CVar [[r.EyeAdaptationQuality:2]]
[2020.01.31-02.57.49:140][  0]LogConfig: Setting CVar [[r.BloomQuality:5]]
[2020.01.31-02.57.49:140][  0]LogConfig: Setting CVar [[r.FastBlurThreshold:100]]
[2020.01.31-02.57.49:140][  0]LogConfig: Setting CVar [[r.Upscale.Quality:3]]
[2020.01.31-02.57.49:140][  0]LogConfig: Setting CVar [[r.Tonemapper.GrainQuantization:1]]
[2020.01.31-02.57.49:140][  0]LogConfig: Setting CVar [[r.LightShaftQuality:1]]
[2020.01.31-02.57.49:140][  0]LogConfig: Setting CVar [[r.Filter.SizeScale:1]]
[2020.01.31-02.57.49:140][  0]LogConfig: Setting CVar [[r.Tonemapper.Quality:5]]
[2020.01.31-02.57.49:140][  0]LogConfig: Setting CVar [[r.DOF.Gather.AccumulatorQuality:1        ; higher gathering accumulator quality]]
[2020.01.31-02.57.49:140][  0]LogConfig: Setting CVar [[r.DOF.Gather.PostfilterMethod:1          ; Median3x3 postfilering method]]
[2020.01.31-02.57.49:140][  0]LogConfig: Setting CVar [[r.DOF.Gather.EnableBokehSettings:0       ; no bokeh simulation when gathering]]
[2020.01.31-02.57.49:140][  0]LogConfig: Setting CVar [[r.DOF.Gather.RingCount:4                 ; medium number of samples when gathering]]
[2020.01.31-02.57.49:140][  0]LogConfig: Setting CVar [[r.DOF.Scatter.ForegroundCompositing:1    ; additive foreground scattering]]
[2020.01.31-02.57.49:140][  0]LogConfig: Setting CVar [[r.DOF.Scatter.BackgroundCompositing:2    ; additive background scattering]]
[2020.01.31-02.57.49:140][  0]LogConfig: Setting CVar [[r.DOF.Scatter.EnableBokehSettings:1      ; bokeh simulation when scattering]]
[2020.01.31-02.57.49:140][  0]LogConfig: Setting CVar [[r.DOF.Scatter.MaxSpriteRatio:0.1         ; only a maximum of 10% of scattered bokeh]]
[2020.01.31-02.57.49:141][  0]LogConfig: Setting CVar [[r.DOF.Recombine.Quality:1                ; cheap slight out of focus]]
[2020.01.31-02.57.49:141][  0]LogConfig: Setting CVar [[r.DOF.Recombine.EnableBokehSettings:0    ; no bokeh simulation on slight out of focus]]
[2020.01.31-02.57.49:141][  0]LogConfig: Setting CVar [[r.DOF.TemporalAAQuality:1                ; more stable temporal accumulation]]
[2020.01.31-02.57.49:141][  0]LogConfig: Setting CVar [[r.DOF.Kernel.MaxForegroundRadius:0.025]]
[2020.01.31-02.57.49:141][  0]LogConfig: Setting CVar [[r.DOF.Kernel.MaxBackgroundRadius:0.025]]
[2020.01.31-02.57.49:141][  0]LogConfig: Applying CVar settings from Section [TextureQuality@3] File [C:/Users/Alba Samaranch/Documents/GitHub/The-Doors/TheDoors/Saved/Config/Windows/Scalability.ini]
[2020.01.31-02.57.49:141][  0]LogConfig: Setting CVar [[r.Streaming.MipBias:0]]
[2020.01.31-02.57.49:141][  0]LogConfig: Setting CVar [[r.Streaming.AmortizeCPUToGPUCopy:0]]
[2020.01.31-02.57.49:141][  0]LogConfig: Setting CVar [[r.Streaming.MaxNumTexturesToStreamPerFrame:0]]
[2020.01.31-02.57.49:141][  0]LogConfig: Setting CVar [[r.Streaming.Boost:1]]
[2020.01.31-02.57.49:141][  0]LogConfig: Setting CVar [[r.MaxAnisotropy:8]]
[2020.01.31-02.57.49:141][  0]LogConfig: Setting CVar [[r.VT.MaxAnisotropy:8]]
[2020.01.31-02.57.49:141][  0]LogConfig: Setting CVar [[r.Streaming.LimitPoolSizeToVRAM:0]]
[2020.01.31-02.57.49:141][  0]LogConfig: Setting CVar [[r.Streaming.PoolSize:1000]]
[2020.01.31-02.57.49:141][  0]LogConfig: Setting CVar [[r.Streaming.MaxEffectiveScreenSize:0]]
[2020.01.31-02.57.49:141][  0]LogConfig: Applying CVar settings from Section [EffectsQuality@3] File [C:/Users/Alba Samaranch/Documents/GitHub/The-Doors/TheDoors/Saved/Config/Windows/Scalability.ini]
[2020.01.31-02.57.49:141][  0]LogConfig: Setting CVar [[r.TranslucencyLightingVolumeDim:64]]
[2020.01.31-02.57.49:141][  0]LogConfig: Setting CVar [[r.RefractionQuality:2]]
[2020.01.31-02.57.49:141][  0]LogConfig: Setting CVar [[r.SSR.Quality:3]]
[2020.01.31-02.57.49:141][  0]LogConfig: Setting CVar [[r.SSR.HalfResSceneColor:0]]
[2020.01.31-02.57.49:141][  0]LogConfig: Setting CVar [[r.SceneColorFormat:4]]
[2020.01.31-02.57.49:141][  0]LogConfig: Setting CVar [[r.DetailMode:2]]
[2020.01.31-02.57.49:141][  0]LogConfig: Setting CVar [[r.TranslucencyVolumeBlur:1]]
[2020.01.31-02.57.49:141][  0]LogConfig: Setting CVar [[r.MaterialQualityLevel:1 ; High quality]]
[2020.01.31-02.57.49:141][  0]LogConfig: Setting CVar [[r.SSS.Scale:1]]
[2020.01.31-02.57.49:141][  0]LogConfig: Setting CVar [[r.SSS.SampleSet:2]]
[2020.01.31-02.57.49:141][  0]LogConfig: Setting CVar [[r.SSS.Quality:1]]
[2020.01.31-02.57.49:141][  0]LogConfig: Setting CVar [[r.SSS.HalfRes:1]]
[2020.01.31-02.57.49:141][  0]LogConfig: Setting CVar [[r.SSGI.Quality:3]]
[2020.01.31-02.57.49:141][  0]LogConfig: Setting CVar [[r.EmitterSpawnRateScale:1.0]]
[2020.01.31-02.57.49:141][  0]LogConfig: Setting CVar [[r.ParticleLightQuality:2]]
[2020.01.31-02.57.49:141][  0]LogConfig: Setting CVar [[r.SkyAtmosphere.AerialPerspectiveLUT.FastApplyOnOpaque:1 ; Always have FastSkyLUT 1 in this case to avoid wrong sky]]
[2020.01.31-02.57.49:141][  0]LogConfig: Setting CVar [[r.SkyAtmosphere.AerialPerspectiveLUT.SampleCountPerSlice:1]]
[2020.01.31-02.57.49:141][  0]LogConfig: Setting CVar [[r.SkyAtmosphere.AerialPerspectiveLUT.DepthResolution:16.0]]
[2020.01.31-02.57.49:141][  0]LogConfig: Setting CVar [[r.SkyAtmosphere.FastSkyLUT:1]]
[2020.01.31-02.57.49:141][  0]LogConfig: Setting CVar [[r.SkyAtmosphere.FastSkyLUT.SampleCountMin:4.0]]
[2020.01.31-02.57.49:141][  0]LogConfig: Setting CVar [[r.SkyAtmosphere.FastSkyLUT.SampleCountMax:32.0]]
[2020.01.31-02.57.49:141][  0]LogConfig: Setting CVar [[r.SkyAtmosphere.SampleCountMin:4.0]]
[2020.01.31-02.57.49:141][  0]LogConfig: Setting CVar [[r.SkyAtmosphere.SampleCountMax:32.0]]
[2020.01.31-02.57.49:141][  0]LogConfig: Setting CVar [[r.SkyAtmosphere.TransmittanceLUT.UseSmallFormat:0]]
[2020.01.31-02.57.49:141][  0]LogConfig: Setting CVar [[r.SkyAtmosphere.TransmittanceLUT.SampleCount:10.0]]
[2020.01.31-02.57.49:141][  0]LogConfig: Setting CVar [[r.SkyAtmosphere.MultiScatteringLUT.SampleCount:15.0]]
[2020.01.31-02.57.49:141][  0]LogConfig: Applying CVar settings from Section [FoliageQuality@3] File [C:/Users/Alba Samaranch/Documents/GitHub/The-Doors/TheDoors/Saved/Config/Windows/Scalability.ini]
[2020.01.31-02.57.49:141][  0]LogConfig: Setting CVar [[foliage.DensityScale:1.0]]
[2020.01.31-02.57.49:141][  0]LogConfig: Setting CVar [[grass.DensityScale:1.0]]
[2020.01.31-02.57.49:141][  0]LogConfig: Applying CVar settings from Section [ShadingQuality@3] File [C:/Users/Alba Samaranch/Documents/GitHub/The-Doors/TheDoors/Saved/Config/Windows/Scalability.ini]
[2020.01.31-02.57.49:141][  0]LogConfig: Setting CVar [[r.HairStrands.SkyLighting.SampleCount:16]]
[2020.01.31-02.57.49:141][  0]LogConfig: Setting CVar [[r.HairStrands.SkyLighting.JitterIntegration:0]]
[2020.01.31-02.57.49:141][  0]LogConfig: Setting CVar [[r.HairStrands.SkyAO.SampleCount:16]]
[2020.01.31-02.57.49:141][  0]LogConfig: Applying CVar settings from Section [Startup] File [../../../Engine/Config/ConsoleVariables.ini]
[2020.01.31-02.57.49:141][  0]LogConfig: Setting CVar [[net.UseAdaptiveNetUpdateFrequency:0]]
[2020.01.31-02.57.49:142][  0]LogConfig: Setting CVar [[p.chaos.AllowCreatePhysxBodies:1]]
[2020.01.31-02.57.49:142][  0]LogConfig: Applying CVar settings from Section [ConsoleVariables] File [C:/Users/Alba Samaranch/Documents/GitHub/The-Doors/TheDoors/Saved/Config/Windows/Engine.ini]
[2020.01.31-02.57.49:142][  0]LogInit: Computer: DESKTOP-PTE761A
[2020.01.31-02.57.49:142][  0]LogInit: User: AlbaSamaranch
[2020.01.31-02.57.49:142][  0]LogInit: CPU Page size=4096, Cores=4
[2020.01.31-02.57.49:142][  0]LogInit: High frequency timer resolution =10.000000 MHz
[2020.01.31-02.57.49:142][  0]LogMemory: Memory total: Physical=15.9GB (16GB approx)
[2020.01.31-02.57.49:142][  0]LogMemory: Platform Memory Stats for Windows
[2020.01.31-02.57.49:142][  0]LogMemory: Process Physical Memory: 104.51 MB used, 104.51 MB peak
[2020.01.31-02.57.49:142][  0]LogMemory: Process Virtual Memory: 100.62 MB used, 100.62 MB peak
[2020.01.31-02.57.49:142][  0]LogMemory: Physical Memory: 7076.78 MB used,  9204.56 MB free, 16281.34 MB total
[2020.01.31-02.57.49:142][  0]LogMemory: Virtual Memory: 5137.50 MB used,  134212592.00 MB free, 134217728.00 MB total
[2020.01.31-02.57.49:145][  0]LogWindows: WindowsPlatformFeatures enabled
[2020.01.31-02.57.49:160][  0]LogInit: Using OS detected language (en-US).
[2020.01.31-02.57.49:160][  0]LogInit: Using OS detected locale (en-US).
[2020.01.31-02.57.49:161][  0]LogTextLocalizationManager: No specific localization for 'en-US' exists, so the 'en' localization will be used.
[2020.01.31-02.57.49:333][  0]LogInit: Setting process to per monitor DPI aware
[2020.01.31-02.57.49:370][  0]LogSlate: New Slate User Created.  User Index 0, Is Virtual User: 0
[2020.01.31-02.57.49:370][  0]LogSlate: Slate User Registered.  User Index 0, Is Virtual User: 0
[2020.01.31-02.57.49:518][  0]LogHMD: Failed to initialize OpenVR with code 110
[2020.01.31-02.57.49:518][  0]LogD3D11RHI: D3D11 min allowed feature level: 11_0
[2020.01.31-02.57.49:518][  0]LogD3D11RHI: D3D11 max allowed feature level: 11_0
[2020.01.31-02.57.49:518][  0]LogD3D11RHI: D3D11 adapters:
[2020.01.31-02.57.49:546][  0]LogD3D11RHI:    0. 'Radeon Pro 560' (Feature Level 11_0)
[2020.01.31-02.57.49:546][  0]LogD3D11RHI:       4044/0/8140 MB DedicatedVideo/DedicatedSystem/SharedSystem, Outputs:1, VendorId:0x1002
[2020.01.31-02.57.49:548][  0]LogD3D11RHI:    1. 'Microsoft Basic Render Driver' (Feature Level 11_0)
[2020.01.31-02.57.49:548][  0]LogD3D11RHI:       0/0/8140 MB DedicatedVideo/DedicatedSystem/SharedSystem, Outputs:0, VendorId:0x1414
[2020.01.31-02.57.49:548][  0]LogD3D11RHI: Chosen D3D11 Adapter: 0
[2020.01.31-02.57.49:557][  0]LogD3D11RHI: Creating new Direct3DDevice
[2020.01.31-02.57.49:557][  0]LogD3D11RHI:     GPU DeviceId: 0x67ef (for the marketing name, search the web for "GPU Device Id")
[2020.01.31-02.57.49:557][  0]LogWindows: EnumDisplayDevices:
[2020.01.31-02.57.49:557][  0]LogWindows:    0. 'Radeon Pro 560' (P:1 D:1)
[2020.01.31-02.57.49:557][  0]LogWindows:    1. 'Radeon Pro 560' (P:0 D:0)
[2020.01.31-02.57.49:558][  0]LogWindows:    2. 'Radeon Pro 560' (P:0 D:0)
[2020.01.31-02.57.49:558][  0]LogWindows:    3. 'Radeon Pro 560' (P:0 D:0)
[2020.01.31-02.57.49:559][  0]LogWindows:    4. 'Radeon Pro 560' (P:0 D:0)
[2020.01.31-02.57.49:559][  0]LogWindows: DebugString: FoundDriverCount:5 
[2020.01.31-02.57.49:559][  0]LogD3D11RHI:     Adapter Name: Radeon Pro 560
[2020.01.31-02.57.49:559][  0]LogD3D11RHI:   Driver Version: Crimson ReLive 17.1.1 (internal:22.19.128.1, unified:22.19.128.1)
[2020.01.31-02.57.49:559][  0]LogD3D11RHI:      Driver Date: 4-3-2017
[2020.01.31-02.57.49:559][  0]LogRHI: Texture pool is 2830 MB (70% of 4044 MB)
[2020.01.31-02.57.49:691][  0]LogD3D11RHI: RHI does not have support for 64 bit atomics
[2020.01.31-02.57.49:691][  0]LogD3D11RHI: Async texture creation enabled
[2020.01.31-02.57.49:707][  0]LogD3D11RHI: GPU Timing Frequency: 25.000000 (Debug: 2 1)
[2020.01.31-02.57.54:432][  0]LogWindowsTextInputMethodSystem: Display: IME system now deactivated.
[2020.01.31-02.57.54:436][  0]LogWindowsTextInputMethodSystem: Display: IME system now deactivated.
[2020.01.31-02.57.54:788][  0]LogTargetPlatformManager: Display: Loaded TargetPlatform 'AllDesktop'
[2020.01.31-02.57.54:823][  0]LogTargetPlatformManager: Display: Loaded TargetPlatform 'Android'
[2020.01.31-02.57.54:823][  0]LogTargetPlatformManager: Display: Loaded TargetPlatform 'Android_ASTC'
[2020.01.31-02.57.54:823][  0]LogTargetPlatformManager: Display: Loaded TargetPlatform 'Android_ATC'
[2020.01.31-02.57.54:823][  0]LogTargetPlatformManager: Display: Loaded TargetPlatform 'Android_DXT'
[2020.01.31-02.57.54:823][  0]LogTargetPlatformManager: Display: Loaded TargetPlatform 'Android_ETC1'
[2020.01.31-02.57.54:823][  0]LogTargetPlatformManager: Display: Loaded TargetPlatform 'Android_ETC1a'
[2020.01.31-02.57.54:823][  0]LogTargetPlatformManager: Display: Loaded TargetPlatform 'Android_ETC2'
[2020.01.31-02.57.54:823][  0]LogTargetPlatformManager: Display: Loaded TargetPlatform 'Android_PVRTC'
[2020.01.31-02.57.54:823][  0]LogTargetPlatformManager: Display: Loaded TargetPlatform 'AndroidClient'
[2020.01.31-02.57.54:823][  0]LogTargetPlatformManager: Display: Loaded TargetPlatform 'Android_ASTCClient'
[2020.01.31-02.57.54:823][  0]LogTargetPlatformManager: Display: Loaded TargetPlatform 'Android_ATCClient'
[2020.01.31-02.57.54:823][  0]LogTargetPlatformManager: Display: Loaded TargetPlatform 'Android_DXTClient'
[2020.01.31-02.57.54:823][  0]LogTargetPlatformManager: Display: Loaded TargetPlatform 'Android_ETC1Client'
[2020.01.31-02.57.54:823][  0]LogTargetPlatformManager: Display: Loaded TargetPlatform 'Android_ETC1aClient'
[2020.01.31-02.57.54:823][  0]LogTargetPlatformManager: Display: Loaded TargetPlatform 'Android_ETC2Client'
[2020.01.31-02.57.54:823][  0]LogTargetPlatformManager: Display: Loaded TargetPlatform 'Android_PVRTCClient'
[2020.01.31-02.57.54:823][  0]LogTargetPlatformManager: Display: Loaded TargetPlatform 'Android_Multi'
[2020.01.31-02.57.54:823][  0]LogTargetPlatformManager: Display: Loaded TargetPlatform 'Android_MultiClient'
[2020.01.31-02.57.54:843][  0]LogTargetPlatformManager: Display: Loaded TargetPlatform 'IOSClient'
[2020.01.31-02.57.54:843][  0]LogTargetPlatformManager: Display: Loaded TargetPlatform 'IOS'
[2020.01.31-02.57.54:851][  0]LogTargetPlatformManager: Display: Loaded TargetPlatform 'LinuxNoEditor'
[2020.01.31-02.57.54:859][  0]LogTargetPlatformManager: Display: Loaded TargetPlatform 'LinuxClient'
[2020.01.31-02.57.54:867][  0]LogTargetPlatformManager: Display: Loaded TargetPlatform 'LinuxServer'
[2020.01.31-02.57.54:874][  0]LogTargetPlatformManager: Display: Loaded TargetPlatform 'LinuxAArch64NoEditor'
[2020.01.31-02.57.54:882][  0]LogTargetPlatformManager: Display: Loaded TargetPlatform 'LinuxAArch64Client'
[2020.01.31-02.57.54:890][  0]LogTargetPlatformManager: Display: Loaded TargetPlatform 'LinuxAArch64Server'
[2020.01.31-02.57.54:917][  0]LogTargetPlatformManager: Display: Loaded TargetPlatform 'Lumin'
[2020.01.31-02.57.54:917][  0]LogTargetPlatformManager: Display: Loaded TargetPlatform 'LuminClient'
[2020.01.31-02.57.54:932][  0]LogTargetPlatformManager: Display: Loaded TargetPlatform 'TVOSClient'
[2020.01.31-02.57.54:932][  0]LogTargetPlatformManager: Display: Loaded TargetPlatform 'TVOS'
[2020.01.31-02.57.54:940][  0]LogTargetPlatformManager: Display: Loaded TargetPlatform 'WindowsNoEditor'
[2020.01.31-02.57.54:948][  0]LogTargetPlatformManager: Display: Loaded TargetPlatform 'Windows'
[2020.01.31-02.57.54:956][  0]LogTargetPlatformManager: Display: Loaded TargetPlatform 'WindowsClient'
[2020.01.31-02.57.54:963][  0]LogTargetPlatformManager: Display: Loaded TargetPlatform 'WindowsServer'
[2020.01.31-02.57.54:963][  0]LogTargetPlatformManager: Display: Building Assets For Windows
[2020.01.31-02.57.54:966][  0]LogAudioDebug: Display: Lib vorbis DLL was dynamically loaded.
[2020.01.31-02.57.54:989][  0]LogShaderCompilers: Guid format shader working directory is -20 characters bigger than the processId version (../../../../../../Users/Alba Samaranch/Documents/GitHub/The-Doors/TheDoors/Intermediate/Shaders/WorkingDirectory/16668/).
[2020.01.31-02.57.54:989][  0]LogShaderCompilers: Cleaned the shader compiler working directory 'C:/Users/Alba Samaranch/AppData/Local/Temp/UnrealShaderWorkingDir/6B38C72842C30D4E00C825AC94669919/'.
[2020.01.31-02.57.54:990][  0]LogXGEController: Cannot use XGE Controller as Incredibuild is not installed on this machine.
[2020.01.31-02.57.54:990][  0]LogShaderCompilers: Cannot use XGE Shader Compiler as Incredibuild is not installed on this machine.
[2020.01.31-02.57.54:990][  0]LogShaderCompilers: Display: Using Local Shader Compiler.
[2020.01.31-02.57.55:807][  0]LogDerivedDataCache: Display: Max Cache Size: 512 MB
[2020.01.31-02.57.55:864][  0]LogDerivedDataCache: Loaded boot cache 0.06s 78MB C:/Users/Alba Samaranch/AppData/Local/UnrealEngine/4.24/DerivedDataCache/Boot.ddc.
[2020.01.31-02.57.55:864][  0]LogDerivedDataCache: Display: Loaded Boot cache: C:/Users/Alba Samaranch/AppData/Local/UnrealEngine/4.24/DerivedDataCache/Boot.ddc
[2020.01.31-02.57.55:864][  0]LogDerivedDataCache: FDerivedDataBackendGraph:  Pak pak cache file ../../../../../../Users/Alba Samaranch/Documents/GitHub/The-Doors/TheDoors/DerivedDataCache/DDC.ddp not found, will not use a pak cache.
[2020.01.31-02.57.55:864][  0]LogDerivedDataCache: Unable to find inner node Pak for hierarchical cache Hierarchy.
[2020.01.31-02.57.55:864][  0]LogDerivedDataCache: FDerivedDataBackendGraph:  CompressedPak pak cache file ../../../../../../Users/Alba Samaranch/Documents/GitHub/The-Doors/TheDoors/DerivedDataCache/Compressed.ddp not found, will not use a pak cache.
[2020.01.31-02.57.55:864][  0]LogDerivedDataCache: Unable to find inner node CompressedPak for hierarchical cache Hierarchy.
[2020.01.31-02.57.55:875][  0]LogDerivedDataCache: Display: Pak cache opened for reading ../../../Engine/DerivedDataCache/Compressed.ddp.
[2020.01.31-02.57.55:876][  0]LogDerivedDataCache: FDerivedDataBackendGraph:  EnterprisePak pak cache file ../../../Enterprise/DerivedDataCache/Compressed.ddp not found, will not use a pak cache.
[2020.01.31-02.57.55:876][  0]LogDerivedDataCache: Unable to find inner node EnterprisePak for hierarchical cache Hierarchy.
[2020.01.31-02.57.55:877][  0]LogDerivedDataCache: Using Local data cache path C:/Users/Alba Samaranch/AppData/Local/UnrealEngine/Common/DerivedDataCache: Writable
[2020.01.31-02.57.55:877][  0]LogDerivedDataCache: Shared data cache path not found in *engine.ini, will not use an Shared cache.
[2020.01.31-02.57.55:877][  0]LogDerivedDataCache: Unable to find inner node Shared for hierarchical cache Hierarchy.
[2020.01.31-02.57.55:905][  0]LogMaterial: Verifying Global Shaders for PCD3D_SM5
[2020.01.31-02.57.55:908][  0]LogSlate: Using FreeType 2.10.0
[2020.01.31-02.57.55:909][  0]LogSlate: SlateFontServices - WITH_FREETYPE: 1, WITH_HARFBUZZ: 1
[2020.01.31-02.57.55:962][  0]LogAssetRegistry: FAssetRegistry took 0.0027 seconds to start up
[2020.01.31-02.57.56:282][  0]LogInit: Selected Device Profile: [Windows]
[2020.01.31-02.57.56:455][  0]LogMeshReduction: Using QuadricMeshReduction for automatic static mesh reduction
[2020.01.31-02.57.56:455][  0]LogMeshReduction: Using SimplygonMeshReduction for automatic skeletal mesh reduction
[2020.01.31-02.57.56:455][  0]LogMeshReduction: Using ProxyLODMeshReduction for automatic mesh merging
[2020.01.31-02.57.56:455][  0]LogMeshReduction: No distributed automatic mesh merging module available
[2020.01.31-02.57.56:455][  0]LogMeshMerging: No distributed automatic mesh merging module available
[2020.01.31-02.57.56:467][  0]LogNetVersion: TheDoors 1.0.0, NetCL: 10570792, EngineNetVer: 13, GameNetVer: 0 (Checksum: 430048566)
[2020.01.31-02.57.57:572][  0]LogPackageLocalizationCache: Processed 10 localized package path(s) for 1 prioritized culture(s) in 0.043030 seconds
[2020.01.31-02.57.57:580][  0]LogUObjectArray: 46750 objects as part of root set at end of initial load.
[2020.01.31-02.57.57:580][  0]LogUObjectAllocator: 8137160 out of 0 bytes used by permanent object pool.
[2020.01.31-02.57.57:580][  0]LogUObjectArray: CloseDisregardForGC: 0/0 objects in disregard for GC pool
[2020.01.31-02.57.57:996][  0]LogTcpMessaging: Initializing TcpMessaging bridge
[2020.01.31-02.57.57:998][  0]LogUdpMessaging: Initializing bridge on interface 0.0.0.0:0 to multicast group 230.0.0.1:6666.
[2020.01.31-02.57.58:047][  0]SourceControl: Source control is disabled
[2020.01.31-02.57.58:047][  0]SourceControl: Source control is disabled
[2020.01.31-02.57.58:048][  0]SourceControl: Source control is disabled
[2020.01.31-02.57.58:049][  0]SourceControl: Source control is disabled
[2020.01.31-02.57.58:050][  0]SourceControl: Source control is disabled
[2020.01.31-02.57.58:128][  0]LogAndroidPermission: UAndroidPermissionCallbackProxy::GetInstance
[2020.01.31-02.57.58:138][  0]LogAudioCaptureCore: Display: No Audio Capture implementations found. Audio input will be silent.
[2020.01.31-02.57.58:138][  0]LogAudioCaptureCore: Display: No Audio Capture implementations found. Audio input will be silent.
[2020.01.31-02.57.58:231][  0]LogOcInput: OculusInput pre-init called
[2020.01.31-02.57.58:238][  0]LogWindows: Failed to load 'OVRPlugin.dll' (GetLastError=126)
[2020.01.31-02.57.58:238][  0]LogWindows: File 'OVRPlugin.dll' does not exist
[2020.01.31-02.57.58:310][  0]LogEngine: Initializing Engine...
[2020.01.31-02.57.58:311][  0]LogHMD: Failed to initialize OpenVR with code 110
[2020.01.31-02.57.58:312][  0]LogStats: UGameplayTagsManager::InitializeManager -  0.000 s
[2020.01.31-02.57.58:683][  0]LogInit: Initializing FReadOnlyCVARCache
[2020.01.31-02.57.58:689][  0]LogAIModule: Creating AISystem for world Untitled
[2020.01.31-02.57.58:709][  0]LogAudioMixer: Display: Audio Mixer Platform Settings:
[2020.01.31-02.57.58:709][  0]LogAudioMixer: Display: 	Sample Rate:						  48000
[2020.01.31-02.57.58:709][  0]LogAudioMixer: Display: 	Callback Buffer Frame Size Requested: 1024
[2020.01.31-02.57.58:709][  0]LogAudioMixer: Display: 	Callback Buffer Frame Size To Use:	  1024
[2020.01.31-02.57.58:709][  0]LogAudioMixer: Display: 	Number of buffers to queue:			  2
[2020.01.31-02.57.58:709][  0]LogAudioMixer: Display: 	Max Channels (voices):				  32
[2020.01.31-02.57.58:709][  0]LogAudioMixer: Display: 	Number of Async Source Workers:		  0
[2020.01.31-02.57.58:709][  0]LogAudio: Display: AudioDevice MaxSources: 32
[2020.01.31-02.57.58:709][  0]LogAudio: Display: Using built-in audio occlusion.
[2020.01.31-02.57.58:709][  0]LogAudioMixer: Display: Initializing audio mixer.
[2020.01.31-02.57.58:726][  0]LogAudioMixer: Display: Audio Device Output Speaker Info:
[2020.01.31-02.57.58:726][  0]LogAudioMixer: Display: Name: Headphones (Cirrus Logic CS8409 (AB 57))
[2020.01.31-02.57.58:726][  0]LogAudioMixer: Display: Is Default: Yes
[2020.01.31-02.57.58:726][  0]LogAudioMixer: Display: Sample Rate: 48000
[2020.01.31-02.57.58:726][  0]LogAudioMixer: Display: Channel Count Used: 2
[2020.01.31-02.57.58:726][  0]LogAudioMixer: Display: Device Channel Count: 2
[2020.01.31-02.57.58:726][  0]LogAudioMixer: Display: Channel Order:
[2020.01.31-02.57.58:726][  0]LogAudioMixer: Display: 0: FrontLeft
[2020.01.31-02.57.58:726][  0]LogAudioMixer: Display: 1: FrontRight
[2020.01.31-02.57.58:754][  0]LogAudioMixer: Display: Using Audio Device Headphones (Cirrus Logic CS8409 (AB 57))
[2020.01.31-02.57.58:760][  0]LogInit: FAudioDevice initialized.
[2020.01.31-02.57.58:760][  0]LogNetVersion: Set ProjectVersion to 1.0.0.0. Version Checksum will be recalculated on next use.
[2020.01.31-02.57.58:824][  0]LogDerivedDataCache: Saved boot cache 0.06s 78MB C:/Users/Alba Samaranch/AppData/Local/UnrealEngine/4.24/DerivedDataCache/Boot.ddc.
[2020.01.31-02.57.58:828][  0]LogInit: Texture streaming: Enabled
[2020.01.31-02.57.58:837][  0]LogEngineSessionManager: EngineSessionManager initialized
[2020.01.31-02.57.58:837][  0]LogEditorSessionSummary: Verbose: Initializing EditorSessionSummaryWriter for editor session tracking
[2020.01.31-02.57.58:839][  0]LogEditorSessionSummary: EditorSessionSummaryWriter initialized
[2020.01.31-02.57.58:887][  0]LogInit: Transaction tracking system initialized
[2020.01.31-02.57.58:896][  0]BlueprintLog: New page: Editor Load
[2020.01.31-02.57.58:925][  0]LocalizationService: Localization service is disabled
[2020.01.31-02.57.59:272][  0]LogFileCache: Scanning file cache for directory 'C:/Users/Alba Samaranch/Documents/GitHub/The-Doors/TheDoors/Content/' took 0.00s
[2020.01.31-02.57.59:272][  0]LogCook: Display: Max memory allowance for cook 16384mb min free memory 0mb
[2020.01.31-02.57.59:272][  0]LogCook: Display: Mobile HDR setting 1
[2020.01.31-02.57.59:955][  0]SourceControl: Source control is disabled
[2020.01.31-02.57.59:956][  0]Cmd: MAP LOAD FILE="../../../../../../Users/Alba Samaranch/Documents/GitHub/The-Doors/TheDoors/Content/ThirdPersonBP/Maps/ThirdPersonExampleMap.umap" TEMPLATE=0 SHOWPROGRESS=1 FEATURELEVEL=3
[2020.01.31-02.57.59:956][  0]LightingResults: New page: Lighting Build
[2020.01.31-02.57.59:957][  0]LogWorld: UWorld::CleanupWorld for Untitled, bSessionEnded=true, bCleanupResources=true
[2020.01.31-02.57.59:957][  0]LogSlate: InvalidateAllWidgets triggered.  All widgets were invalidated
[2020.01.31-02.57.59:957][  0]MapCheck: New page: Map Check
[2020.01.31-02.57.59:957][  0]LightingResults: New page: Lighting Build
[2020.01.31-02.57.59:987][  0]LogUObjectHash: Compacting FUObjectHashTables data took   2.45ms
[2020.01.31-02.58.00:264][  0]LogAIModule: Creating AISystem for world ThirdPersonExampleMap
[2020.01.31-02.58.00:272][  0]LogEditorServer: Finished looking for orphan Actors (0.000 secs)
[2020.01.31-02.58.00:304][  0]LogUObjectHash: Compacting FUObjectHashTables data took   2.38ms
[2020.01.31-02.58.00:304][  0]Cmd: MAP CHECKDEP NOCLEARLOG
[2020.01.31-02.58.00:304][  0]MapCheck: Map check complete: 0 Error(s), 0 Warning(s), took 0.172ms to complete.
[2020.01.31-02.58.00:304][  0]LogFileHelpers: Loading map 'ThirdPersonExampleMap' took 0.349
[2020.01.31-02.58.00:453][  0]LogSlate: Updating window title bar state: overlay mode, drag disabled, window buttons hidden, title bar hidden
[2020.01.31-02.58.00:460][  0]LogSlate: Updating window title bar state: overlay mode, drag disabled, window buttons hidden, title bar hidden
[2020.01.31-02.58.00:467][  0]LogSlate: Updating window title bar state: overlay mode, drag disabled, window buttons hidden, title bar hidden
[2020.01.31-02.58.00:474][  0]LogSlate: Updating window title bar state: overlay mode, drag disabled, window buttons hidden, title bar hidden
[2020.01.31-02.58.00:479][  0]LogCollectionManager: Loaded 0 collections in 0.002153 seconds
[2020.01.31-02.58.00:492][  0]LogFileCache: Scanning file cache for directory 'C:/Users/Alba Samaranch/Documents/GitHub/The-Doors/TheDoors/Saved/Collections/' took 0.00s
[2020.01.31-02.58.00:492][  0]LogFileCache: Scanning file cache for directory 'C:/Users/Alba Samaranch/Documents/GitHub/The-Doors/TheDoors/Content/Developers/AlbaSamaranch/Collections/' took 0.00s
[2020.01.31-02.58.00:492][  0]LogFileCache: Scanning file cache for directory 'C:/Users/Alba Samaranch/Documents/GitHub/The-Doors/TheDoors/Content/Collections/' took 0.00s
[2020.01.31-02.58.00:492][  0]LogContentBrowser: Native class hierarchy populated in 0.0090 seconds. Added 3015 classes and 717 folders.
[2020.01.31-02.58.00:495][  0]LogContentBrowser: Native class hierarchy updated for 'WidgetCarousel' in 0.0002 seconds. Added 0 classes and 0 folders.
[2020.01.31-02.58.00:548][  0]LogContentBrowser: Native class hierarchy updated for 'AddContentDialog' in 0.0002 seconds. Added 0 classes and 0 folders.
[2020.01.31-02.58.00:551][  0]LogContentBrowser: Native class hierarchy updated for 'SceneOutliner' in 0.0003 seconds. Added 2 classes and 3 folders.
[2020.01.31-02.58.00:594][  0]LogSlate: Took 0.000174 seconds to synchronously load lazily loaded font '../../../Engine/Content/Slate/Fonts/Roboto-Regular.ttf' (155K)
[2020.01.31-02.58.00:596][  0]LogSlate: Took 0.000127 seconds to synchronously load lazily loaded font '../../../Engine/Content/Slate/Fonts/Roboto-Bold.ttf' (160K)
[2020.01.31-02.58.00:601][  0]LogSlate: Took 0.000128 seconds to synchronously load lazily loaded font '../../../Engine/Content/Editor/Slate/Fonts/FontAwesome.ttf' (139K)
[2020.01.31-02.58.00:676][  0]LogRenderer: Reallocating scene render targets to support 1208x652 Format 10 NumSamples 1 (Frame:1).
[2020.01.31-02.58.00:794][  0]LogContentBrowser: Native class hierarchy updated for 'HierarchicalLODOutliner' in 0.0003 seconds. Added 0 classes and 0 folders.
[2020.01.31-02.58.00:794][  0]LogLoad: (Engine Initialization) Total time: 12.95 seconds
[2020.01.31-02.58.00:794][  0]LogLoad: (Engine Initialization) Total Blueprint compile time: 0.00 seconds
[2020.01.31-02.58.00:855][  0]LogAssetRegistry: Asset discovery search completed in 4.8932 seconds
[2020.01.31-02.58.00:858][  0]LogCollectionManager: Fixed up redirectors for 0 collections in 0.000008 seconds (updated 0 objects)
[2020.01.31-02.58.00:860][  0]LogContentStreaming: Texture pool size now 1000 MB
[2020.01.31-03.19.14:225][761]LogSlate: Took 0.000163 seconds to synchronously load lazily loaded font '../../../Engine/Content/Slate/Fonts/Roboto-Light.ttf' (167K)
[2020.01.31-03.19.14:531][761]LogAIModule: Creating AISystem for world FirstLevel
[2020.01.31-03.19.14:566][761]LogAssetEditorSubsystem: Opening Asset editor for World /Game/FirstLevel.FirstLevel
[2020.01.31-03.19.14:603][761]LogUObjectHash: Compacting FUObjectHashTables data took   1.04ms
[2020.01.31-03.19.14:606][761]Cmd: MAP LOAD FILE="../../../../../../Users/Alba Samaranch/Documents/GitHub/The-Doors/TheDoors/Content/FirstLevel.umap" TEMPLATE=0 SHOWPROGRESS=1 FEATURELEVEL=3
[2020.01.31-03.19.14:606][761]LightingResults: New page: Lighting Build
[2020.01.31-03.19.14:608][761]LoadErrors: New page: Loading map: FirstLevel.umap
[2020.01.31-03.19.14:609][761]LogWorld: UWorld::CleanupWorld for ThirdPersonExampleMap, bSessionEnded=true, bCleanupResources=true
[2020.01.31-03.19.14:609][761]LogSlate: InvalidateAllWidgets triggered.  All widgets were invalidated
[2020.01.31-03.19.14:609][761]MapCheck: New page: Map Check
[2020.01.31-03.19.14:609][761]LightingResults: New page: Lighting Build
[2020.01.31-03.19.14:646][761]LogUObjectHash: Compacting FUObjectHashTables data took   2.07ms
[2020.01.31-03.19.15:053][761]LogEditorServer: Finished looking for orphan Actors (0.000 secs)
[2020.01.31-03.19.15:108][761]LogUObjectHash: Compacting FUObjectHashTables data took   2.88ms
[2020.01.31-03.19.15:152][761]Cmd: MAP CHECKDEP NOCLEARLOG
[2020.01.31-03.19.15:152][761]MapCheck: Map check complete: 0 Error(s), 0 Warning(s), took 0.203ms to complete.
[2020.01.31-03.19.15:152][761]LogFileHelpers: Loading map 'FirstLevel' took 0.547
[2020.01.31-03.19.21:333][ 62]LogTexture: Display: Building textures: Texture2D_2 (G8, 128X128)
[2020.01.31-03.19.47:172][578]Cmd: TRANSACTION UNDO
[2020.01.31-03.19.47:173][578]LogEditorTransaction: Undo Landscape Editing: Noise
[2020.01.31-03.19.47:315][578]LogTexture: Display: Building textures: Texture2D_9 (BGRA8, 512X512)
[2020.01.31-03.19.47:571][584]Cmd: TRANSACTION UNDO
[2020.01.31-03.19.47:571][584]LogEditorTransaction: Undo Landscape Editing: Noise
[2020.01.31-03.19.47:608][584]LogTexture: Display: Building textures: Texture2D_9 (BGRA8, 512X512)
[2020.01.31-03.20.19:180][452]Cmd: OBJ SAVEPACKAGE PACKAGE="/Game/FirstLevel" FILE="../../../../../../Users/Alba Samaranch/Documents/GitHub/The-Doors/TheDoors/Content/FirstLevel.umap" SILENT=true AUTOSAVING=false KEEPDIRTY=false
[2020.01.31-03.20.19:213][452]LogUObjectHash: Compacting FUObjectHashTables data took   1.85ms
[2020.01.31-03.20.19:258][452]LogTexture: Display: Building textures: Texture2D_5 (BGRA8, 512X512)
[2020.01.31-03.20.19:265][452]LogTexture: Display: Building textures: Texture2D_9 (BGRA8, 512X512)
[2020.01.31-03.20.20:399][452]LogSavePackage: Moving '../../../../../../Users/Alba Samaranch/Documents/GitHub/The-Doors/TheDoors/Saved/FirstLevel87722BA748A51056302B71827742D6C6.tmp' to '../../../../../../Users/Alba Samaranch/Documents/GitHub/The-Doors/TheDoors/Content/FirstLevel.umap'
[2020.01.31-03.20.20:431][452]Cmd: OBJ SAVEPACKAGE PACKAGE="/Game/FirstLevel_BuiltData" FILE="../../../../../../Users/Alba Samaranch/Documents/GitHub/The-Doors/TheDoors/Content/FirstLevel_BuiltData.uasset" SILENT=true
[2020.01.31-03.20.20:454][452]LogSavePackage: Moving '../../../../../../Users/Alba Samaranch/Documents/GitHub/The-Doors/TheDoors/Saved/FirstLevel_BuiltDataA6CC4E0E47241B210E1F41A571D642DC.tmp' to '../../../../../../Users/Alba Samaranch/Documents/GitHub/The-Doors/TheDoors/Content/FirstLevel_BuiltData.uasset'
[2020.01.31-03.20.20:490][452]AssetCheck: New page: Asset Save: multiple assets
[2020.01.31-03.20.20:490][452]LogContentValidation: Display: Validating World /Game/FirstLevel.FirstLevel
[2020.01.31-03.20.20:490][452]LogContentValidation: Display: Validating MapBuildDataRegistry /Game/FirstLevel_BuiltData.FirstLevel_BuiltData
[2020.01.31-03.20.37:620][469]LogEditorViewport: Clicking on Actor (context menu): Landscape (Landscape)
[2020.01.31-03.21.01:425][849]Cmd: OBJ SAVEPACKAGE PACKAGE="/Game/FirstLevel" FILE="../../../../../../Users/Alba Samaranch/Documents/GitHub/The-Doors/TheDoors/Content/FirstLevel.umap" SILENT=true AUTOSAVING=false KEEPDIRTY=false
[2020.01.31-03.21.01:456][849]LogUObjectHash: Compacting FUObjectHashTables data took   1.65ms
[2020.01.31-03.21.02:541][849]LogSavePackage: Moving '../../../../../../Users/Alba Samaranch/Documents/GitHub/The-Doors/TheDoors/Saved/FirstLevelF334A8C54AEE07676A947491DFD1138A.tmp' to '../../../../../../Users/Alba Samaranch/Documents/GitHub/The-Doors/TheDoors/Content/FirstLevel.umap'
[2020.01.31-03.21.02:571][849]Cmd: OBJ SAVEPACKAGE PACKAGE="/Game/FirstLevel_BuiltData" FILE="../../../../../../Users/Alba Samaranch/Documents/GitHub/The-Doors/TheDoors/Content/FirstLevel_BuiltData.uasset" SILENT=true
[2020.01.31-03.21.02:590][849]LogSavePackage: Moving '../../../../../../Users/Alba Samaranch/Documents/GitHub/The-Doors/TheDoors/Saved/FirstLevel_BuiltData3EB01627451D0A51193058B68B98FC4C.tmp' to '../../../../../../Users/Alba Samaranch/Documents/GitHub/The-Doors/TheDoors/Content/FirstLevel_BuiltData.uasset'
[2020.01.31-03.21.02:612][849]AssetCheck: New page: Asset Save: multiple assets
[2020.01.31-03.21.02:612][849]LogContentValidation: Display: Validating World /Game/FirstLevel.FirstLevel
[2020.01.31-03.21.02:612][849]LogContentValidation: Display: Validating MapBuildDataRegistry /Game/FirstLevel_BuiltData.FirstLevel_BuiltData
[2020.01.31-03.24.00:831][404]LogEditorViewport: Clicking on Actor (context menu): Landscape (Landscape)
[2020.01.31-03.24.02:618][498]LogEditorViewport: Clicking on Actor (context menu): Landscape (Landscape)
[2020.01.31-03.24.15:777][269]Cmd: OBJ SAVEPACKAGE PACKAGE="/Game/FirstLevel" FILE="../../../../../../Users/Alba Samaranch/Documents/GitHub/The-Doors/TheDoors/Content/FirstLevel.umap" SILENT=true AUTOSAVING=false KEEPDIRTY=false
[2020.01.31-03.24.15:810][269]LogUObjectHash: Compacting FUObjectHashTables data took   1.85ms
[2020.01.31-03.24.15:920][269]LogTexture: Display: Building textures: Texture2D_9 (BGRA8, 512X512)
[2020.01.31-03.24.16:878][269]LogSavePackage: Moving '../../../../../../Users/Alba Samaranch/Documents/GitHub/The-Doors/TheDoors/Saved/FirstLevel03A853C2441614ECE7752AB01C0CB172.tmp' to '../../../../../../Users/Alba Samaranch/Documents/GitHub/The-Doors/TheDoors/Content/FirstLevel.umap'
[2020.01.31-03.24.16:911][269]Cmd: OBJ SAVEPACKAGE PACKAGE="/Game/FirstLevel_BuiltData" FILE="../../../../../../Users/Alba Samaranch/Documents/GitHub/The-Doors/TheDoors/Content/FirstLevel_BuiltData.uasset" SILENT=true
[2020.01.31-03.24.16:936][269]LogSavePackage: Moving '../../../../../../Users/Alba Samaranch/Documents/GitHub/The-Doors/TheDoors/Saved/FirstLevel_BuiltData760AF7264F5E67D7C82CF6B1CE30069A.tmp' to '../../../../../../Users/Alba Samaranch/Documents/GitHub/The-Doors/TheDoors/Content/FirstLevel_BuiltData.uasset'
[2020.01.31-03.24.16:958][269]AssetCheck: New page: Asset Save: multiple assets
[2020.01.31-03.24.16:958][269]LogContentValidation: Display: Validating World /Game/FirstLevel.FirstLevel
[2020.01.31-03.24.16:958][269]LogContentValidation: Display: Validating MapBuildDataRegistry /Game/FirstLevel_BuiltData.FirstLevel_BuiltData
[2020.01.31-03.24.18:965][383]LogTemp: Repeating last play command: Selected Viewport
[2020.01.31-03.24.18:980][383]LogPlayLevel: PlayLevel: No blueprints needed recompiling
[2020.01.31-03.24.18:980][383]PIE: New page: PIE session: FirstLevel (Jan 31, 2020, 5:24:18 AM)
[2020.01.31-03.24.18:981][383]LogOnline: OSS: Creating online subsystem instance for: NULL
[2020.01.31-03.24.18:982][383]LogOnline: OSS: TryLoadSubsystemAndSetDefault: Loaded subsystem for module [NULL]
[2020.01.31-03.24.18:983][383]LogPlayLevel: Creating play world package: /Game/UEDPIE_0_FirstLevel
[2020.01.31-03.24.19:344][383]LogPlayLevel: PIE: StaticDuplicateObject took: (0.361786s)
[2020.01.31-03.24.19:345][383]LogAIModule: Creating AISystem for world FirstLevel
[2020.01.31-03.24.19:346][383]LogPlayLevel: PIE: World Init took: (0.001300s)
[2020.01.31-03.24.19:346][383]LogPlayLevel: PIE: Created PIE world by copying editor world from /Game/FirstLevel.FirstLevel to /Game/UEDPIE_0_FirstLevel.FirstLevel (0.363476s)
[2020.01.31-03.24.19:375][383]LogUObjectHash: Compacting FUObjectHashTables data took   1.83ms
[2020.01.31-03.24.19:377][383]LogAudioMixer: Display: Audio Mixer Platform Settings:
[2020.01.31-03.24.19:377][383]LogAudioMixer: Display: 	Sample Rate:						  48000
[2020.01.31-03.24.19:377][383]LogAudioMixer: Display: 	Callback Buffer Frame Size Requested: 1024
[2020.01.31-03.24.19:377][383]LogAudioMixer: Display: 	Callback Buffer Frame Size To Use:	  1024
[2020.01.31-03.24.19:377][383]LogAudioMixer: Display: 	Number of buffers to queue:			  2
[2020.01.31-03.24.19:378][383]LogAudioMixer: Display: 	Max Channels (voices):				  32
[2020.01.31-03.24.19:378][383]LogAudioMixer: Display: 	Number of Async Source Workers:		  0
[2020.01.31-03.24.19:378][383]LogAudio: Display: AudioDevice MaxSources: 32
[2020.01.31-03.24.19:378][383]LogAudio: Display: Using built-in audio occlusion.
[2020.01.31-03.24.19:378][383]LogAudioMixer: Display: Initializing audio mixer.
[2020.01.31-03.24.19:393][383]LogAudioMixer: Display: Audio Device Output Speaker Info:
[2020.01.31-03.24.19:393][383]LogAudioMixer: Display: Name: Headphones (Cirrus Logic CS8409 (AB 57))
[2020.01.31-03.24.19:393][383]LogAudioMixer: Display: Is Default: Yes
[2020.01.31-03.24.19:393][383]LogAudioMixer: Display: Sample Rate: 48000
[2020.01.31-03.24.19:393][383]LogAudioMixer: Display: Channel Count Used: 2
[2020.01.31-03.24.19:393][383]LogAudioMixer: Display: Device Channel Count: 2
[2020.01.31-03.24.19:393][383]LogAudioMixer: Display: Channel Order:
[2020.01.31-03.24.19:393][383]LogAudioMixer: Display: 0: FrontLeft
[2020.01.31-03.24.19:394][383]LogAudioMixer: Display: 1: FrontRight
[2020.01.31-03.24.19:406][383]LogAudioMixer: Display: Using Audio Device Headphones (Cirrus Logic CS8409 (AB 57))
[2020.01.31-03.24.19:408][383]LogInit: FAudioDevice initialized.
[2020.01.31-03.24.19:420][383]LogLoad: Game class is 'ThirdPersonGameMode_C'
[2020.01.31-03.24.19:448][383]LogWorld: Bringing World /Game/UEDPIE_0_FirstLevel.FirstLevel up for play (max tick rate 60) at 2020.01.31-04.24.19
[2020.01.31-03.24.19:448][383]LogWorld: Bringing up level for play took: 0.025847
[2020.01.31-03.24.19:448][383]LogOnline: OSS: Creating online subsystem instance for: :Context_1
[2020.01.31-03.24.19:452][383]LogContentBrowser: Native class hierarchy updated for 'MovieSceneCapture' in 0.0005 seconds. Added 20 classes and 0 folders.
[2020.01.31-03.24.19:455][383]PIE: Play in editor start time for /Game/UEDPIE_0_FirstLevel -0.279
[2020.01.31-03.24.52:357][335]LogAudioMixer: Display: No commands were queued while flushing the source manager.
[2020.01.31-03.24.52:357][335]LogAudioMixer: Display: No commands were queued while flushing the source manager.
[2020.01.31-03.24.52:357][335]LogSlate: Updating window title bar state: overlay mode, drag disabled, window buttons hidden, title bar hidden
[2020.01.31-03.24.52:357][335]LogWorld: BeginTearingDown for /Game/UEDPIE_0_FirstLevel
[2020.01.31-03.24.52:357][335]LogAudioMixer: Display: No commands were queued while flushing the source manager.
[2020.01.31-03.24.52:357][335]LogWorld: UWorld::CleanupWorld for FirstLevel, bSessionEnded=true, bCleanupResources=true
[2020.01.31-03.24.52:361][335]LogSlate: InvalidateAllWidgets triggered.  All widgets were invalidated
[2020.01.31-03.24.52:369][335]LogPlayLevel: Display: Shutting down PIE online subsystems
[2020.01.31-03.24.52:373][335]LogSlate: InvalidateAllWidgets triggered.  All widgets were invalidated
[2020.01.31-03.24.52:408][335]LogAudioMixer: Display: No commands were queued while flushing the source manager.
[2020.01.31-03.24.52:411][335]LogSlate: Updating window title bar state: overlay mode, drag disabled, window buttons hidden, title bar hidden
[2020.01.31-03.24.52:475][335]LogUObjectHash: Compacting FUObjectHashTables data took   2.21ms
[2020.01.31-03.24.52:502][336]LogPlayLevel: Display: Destroying online subsystem :Context_1
[2020.01.31-03.25.38:336][ 67]LogEditorViewport: Clicking on Actor (LMB): Landscape (Landscape)
[2020.01.31-03.25.49:413][716]LogTemp: Repeating last play command: Selected Viewport
[2020.01.31-03.25.49:430][716]LogPlayLevel: PlayLevel: No blueprints needed recompiling
[2020.01.31-03.25.49:430][716]PIE: New page: PIE session: FirstLevel (Jan 31, 2020, 5:25:49 AM)
[2020.01.31-03.25.49:430][716]LogPlayLevel: Creating play world package: /Game/UEDPIE_0_FirstLevel
[2020.01.31-03.25.49:822][716]LogTexture: Display: Building textures: Texture2D_9 (BGRA8, 512X512)
[2020.01.31-03.25.49:824][716]LogPlayLevel: PIE: StaticDuplicateObject took: (0.393658s)
[2020.01.31-03.25.49:825][716]LogAIModule: Creating AISystem for world FirstLevel
[2020.01.31-03.25.49:825][716]LogPlayLevel: PIE: World Init took: (0.001199s)
[2020.01.31-03.25.49:825][716]LogPlayLevel: PIE: Created PIE world by copying editor world from /Game/FirstLevel.FirstLevel to /Game/UEDPIE_0_FirstLevel.FirstLevel (0.394994s)
[2020.01.31-03.25.49:856][716]LogUObjectHash: Compacting FUObjectHashTables data took   1.72ms
[2020.01.31-03.25.49:859][716]LogAudioMixer: Display: Audio Mixer Platform Settings:
[2020.01.31-03.25.49:859][716]LogAudioMixer: Display: 	Sample Rate:						  48000
[2020.01.31-03.25.49:859][716]LogAudioMixer: Display: 	Callback Buffer Frame Size Requested: 1024
[2020.01.31-03.25.49:859][716]LogAudioMixer: Display: 	Callback Buffer Frame Size To Use:	  1024
[2020.01.31-03.25.49:859][716]LogAudioMixer: Display: 	Number of buffers to queue:			  2
[2020.01.31-03.25.49:859][716]LogAudioMixer: Display: 	Max Channels (voices):				  32
[2020.01.31-03.25.49:859][716]LogAudioMixer: Display: 	Number of Async Source Workers:		  0
[2020.01.31-03.25.49:859][716]LogAudio: Display: AudioDevice MaxSources: 32
[2020.01.31-03.25.49:859][716]LogAudio: Display: Using built-in audio occlusion.
[2020.01.31-03.25.49:859][716]LogAudioMixer: Display: Initializing audio mixer.
[2020.01.31-03.25.49:870][716]LogAudioMixer: Display: Audio Device Output Speaker Info:
[2020.01.31-03.25.49:870][716]LogAudioMixer: Display: Name: Headphones (Cirrus Logic CS8409 (AB 57))
[2020.01.31-03.25.49:870][716]LogAudioMixer: Display: Is Default: Yes
[2020.01.31-03.25.49:870][716]LogAudioMixer: Display: Sample Rate: 48000
[2020.01.31-03.25.49:870][716]LogAudioMixer: Display: Channel Count Used: 2
[2020.01.31-03.25.49:870][716]LogAudioMixer: Display: Device Channel Count: 2
[2020.01.31-03.25.49:870][716]LogAudioMixer: Display: Channel Order:
[2020.01.31-03.25.49:870][716]LogAudioMixer: Display: 0: FrontLeft
[2020.01.31-03.25.49:870][716]LogAudioMixer: Display: 1: FrontRight
[2020.01.31-03.25.49:881][716]LogAudioMixer: Display: Using Audio Device Headphones (Cirrus Logic CS8409 (AB 57))
[2020.01.31-03.25.49:882][716]LogInit: FAudioDevice initialized.
[2020.01.31-03.25.49:891][716]LogLoad: Game class is 'ThirdPersonGameMode_C'
[2020.01.31-03.25.49:910][716]LogWorld: Bringing World /Game/UEDPIE_0_FirstLevel.FirstLevel up for play (max tick rate 60) at 2020.01.31-04.25.49
[2020.01.31-03.25.49:910][716]LogWorld: Bringing up level for play took: 0.017913
[2020.01.31-03.25.49:910][716]LogOnline: OSS: Creating online subsystem instance for: :Context_2
[2020.01.31-03.25.49:913][716]PIE: Play in editor start time for /Game/UEDPIE_0_FirstLevel 0.18
[2020.01.31-03.26.18:396][405]LogAudioMixer: Display: No commands were queued while flushing the source manager.
[2020.01.31-03.26.18:396][405]LogAudioMixer: Display: No commands were queued while flushing the source manager.
[2020.01.31-03.26.18:397][405]LogSlate: Updating window title bar state: overlay mode, drag disabled, window buttons hidden, title bar hidden
[2020.01.31-03.26.18:397][405]LogWorld: BeginTearingDown for /Game/UEDPIE_0_FirstLevel
[2020.01.31-03.26.18:397][405]LogAudioMixer: Display: No commands were queued while flushing the source manager.
[2020.01.31-03.26.18:397][405]LogWorld: UWorld::CleanupWorld for FirstLevel, bSessionEnded=true, bCleanupResources=true
[2020.01.31-03.26.18:400][405]LogSlate: InvalidateAllWidgets triggered.  All widgets were invalidated
[2020.01.31-03.26.18:410][405]LogPlayLevel: Display: Shutting down PIE online subsystems
[2020.01.31-03.26.18:414][405]LogSlate: InvalidateAllWidgets triggered.  All widgets were invalidated
[2020.01.31-03.26.18:447][405]LogAudioMixer: Display: No commands were queued while flushing the source manager.
[2020.01.31-03.26.18:450][405]LogSlate: Updating window title bar state: overlay mode, drag disabled, window buttons hidden, title bar hidden
[2020.01.31-03.26.18:548][405]LogUObjectHash: Compacting FUObjectHashTables data took   1.75ms
[2020.01.31-03.26.18:573][406]LogPlayLevel: Display: Destroying online subsystem :Context_2
[2020.01.31-03.27.14:238][705]Cmd: OBJ SAVEPACKAGE PACKAGE="/Game/FirstLevel" FILE="../../../../../../Users/Alba Samaranch/Documents/GitHub/The-Doors/TheDoors/Content/FirstLevel.umap" SILENT=true AUTOSAVING=false KEEPDIRTY=false
[2020.01.31-03.27.14:269][705]LogUObjectHash: Compacting FUObjectHashTables data took   1.76ms
[2020.01.31-03.27.14:392][705]LogTexture: Display: Building textures: Texture2D_9 (BGRA8, 512X512)
[2020.01.31-03.27.15:343][705]LogSavePackage: Moving '../../../../../../Users/Alba Samaranch/Documents/GitHub/The-Doors/TheDoors/Saved/FirstLevel27115F0941E6EBEDC1DA819137208090.tmp' to '../../../../../../Users/Alba Samaranch/Documents/GitHub/The-Doors/TheDoors/Content/FirstLevel.umap'
[2020.01.31-03.27.15:375][705]Cmd: OBJ SAVEPACKAGE PACKAGE="/Game/FirstLevel_BuiltData" FILE="../../../../../../Users/Alba Samaranch/Documents/GitHub/The-Doors/TheDoors/Content/FirstLevel_BuiltData.uasset" SILENT=true
[2020.01.31-03.27.15:397][705]LogSavePackage: Moving '../../../../../../Users/Alba Samaranch/Documents/GitHub/The-Doors/TheDoors/Saved/FirstLevel_BuiltData73FAA0E34E29D5C93329F19AC2C150A6.tmp' to '../../../../../../Users/Alba Samaranch/Documents/GitHub/The-Doors/TheDoors/Content/FirstLevel_BuiltData.uasset'
[2020.01.31-03.27.15:420][705]AssetCheck: New page: Asset Save: multiple assets
[2020.01.31-03.27.15:420][705]LogContentValidation: Display: Validating World /Game/FirstLevel.FirstLevel
[2020.01.31-03.27.15:420][705]LogContentValidation: Display: Validating MapBuildDataRegistry /Game/FirstLevel_BuiltData.FirstLevel_BuiltData
[2020.01.31-03.27.37:086][  0]Cmd: OBJ SAVEPACKAGE PACKAGE="/Game/FirstLevel" FILE="../../../../../../Users/Alba Samaranch/Documents/GitHub/The-Doors/TheDoors/Content/FirstLevel.umap" SILENT=true AUTOSAVING=false KEEPDIRTY=false
[2020.01.31-03.27.37:125][  0]LogUObjectHash: Compacting FUObjectHashTables data took   0.80ms
[2020.01.31-03.27.38:214][  0]LogSavePackage: Moving '../../../../../../Users/Alba Samaranch/Documents/GitHub/The-Doors/TheDoors/Saved/FirstLevelD5E6231B4E67397A6CDBBABA455A0E0A.tmp' to '../../../../../../Users/Alba Samaranch/Documents/GitHub/The-Doors/TheDoors/Content/FirstLevel.umap'
[2020.01.31-03.27.38:245][  0]Cmd: OBJ SAVEPACKAGE PACKAGE="/Game/FirstLevel_BuiltData" FILE="../../../../../../Users/Alba Samaranch/Documents/GitHub/The-Doors/TheDoors/Content/FirstLevel_BuiltData.uasset" SILENT=true
[2020.01.31-03.27.38:269][  0]LogSavePackage: Moving '../../../../../../Users/Alba Samaranch/Documents/GitHub/The-Doors/TheDoors/Saved/FirstLevel_BuiltData1B30731A4EFEE0DDC1487C98F6FFFF0D.tmp' to '../../../../../../Users/Alba Samaranch/Documents/GitHub/The-Doors/TheDoors/Content/FirstLevel_BuiltData.uasset'
[2020.01.31-03.27.38:303][  0]AssetCheck: New page: Asset Save: multiple assets
[2020.01.31-03.27.38:303][  0]LogContentValidation: Display: Validating World /Game/FirstLevel.FirstLevel
[2020.01.31-03.27.38:304][  0]LogContentValidation: Display: Validating MapBuildDataRegistry /Game/FirstLevel_BuiltData.FirstLevel_BuiltData
